<?xml version="1.0" encoding="UTF-8"?>
<!-- Generated by org.testng.reporters.JUnitReportReporter -->
<testsuite skipped="0" hostname="RSI1525" name="br.com.rsinet.hub.projetotdd.testes.SearchProductHome" tests="1" failures="0" timestamp="2020-01-24T12:51:37 BRT" time="17.259" errors="0">
  <testcase name="Execute" time="17.259" classname="br.com.rsinet.hub.projetotdd.testes.SearchProductHome"/>
</testsuite> <!-- br.com.rsinet.hub.projetotdd.testes.SearchProductHome -->
