<?xml version="1.0" encoding="UTF-8"?>
<!-- Generated by org.testng.reporters.JUnitReportReporter -->
<testsuite skipped="0" hostname="RSI1525" name="br.com.rsinet.hub.projetotdd.testes.RegisterExcel" tests="1" failures="0" timestamp="2020-02-04T11:49:33 BRT" time="29.041" errors="0">
  <testcase name="Execute" time="29.041" classname="br.com.rsinet.hub.projetotdd.testes.RegisterExcel"/>
</testsuite> <!-- br.com.rsinet.hub.projetotdd.testes.RegisterExcel -->
