<?xml version="1.0" encoding="UTF-8"?>
<!-- Generated by org.testng.reporters.JUnitReportReporter -->
<testsuite skipped="0" hostname="RSI1525" name="br.com.rsinet.hub.projetotdd.testes.SearchProductLupaInvalid" tests="1" failures="0" timestamp="2020-01-21T14:55:27 BRT" time="16.032" errors="0">
  <testcase name="Execute" time="16.032" classname="br.com.rsinet.hub.projetotdd.testes.SearchProductLupaInvalid"/>
</testsuite> <!-- br.com.rsinet.hub.projetotdd.testes.SearchProductLupaInvalid -->
