<?xml version="1.0" encoding="UTF-8"?>
<!-- Generated by org.testng.reporters.JUnitReportReporter -->
<testsuite skipped="0" hostname="RSI1525" name="br.com.rsinet.hub.projetotdd.actions.LogIn" tests="1" failures="0" timestamp="2020-01-20T15:26:28 BRT" time="8.067" errors="0">
  <testcase name="Execute" time="8.067" classname="br.com.rsinet.hub.projetotdd.actions.LogIn"/>
</testsuite> <!-- br.com.rsinet.hub.projetotdd.actions.LogIn -->
