<?xml version="1.0" encoding="UTF-8"?>
<!-- Generated by org.testng.reporters.JUnitReportReporter -->
<testsuite skipped="0" hostname="RSI1525" name="br.com.rsinet.hub.projetotdd.testes.NotRegister" tests="1" failures="0" timestamp="2020-01-24T13:38:13 BRT" time="18.536" errors="0">
  <testcase name="register" time="18.536" classname="br.com.rsinet.hub.projetotdd.testes.NotRegister"/>
</testsuite> <!-- br.com.rsinet.hub.projetotdd.testes.NotRegister -->
