<?xml version="1.0" encoding="UTF-8"?>
<!-- Generated by org.testng.reporters.JUnitReportReporter -->
<testsuite skipped="0" hostname="RSI1525" name="br.com.rsinet.hub.projetotdd.testes.SearchProductLupaInvalid" tests="1" failures="0" timestamp="2020-02-04T12:00:08 BRT" time="17.820" errors="0">
  <testcase name="Execute" time="17.820" classname="br.com.rsinet.hub.projetotdd.testes.SearchProductLupaInvalid"/>
</testsuite> <!-- br.com.rsinet.hub.projetotdd.testes.SearchProductLupaInvalid -->
