<?xml version="1.0" encoding="UTF-8"?>
<!-- Generated by org.testng.reporters.JUnitReportReporter -->
<testsuite skipped="0" hostname="RSI1525" name="br.com.rsinet.hub.projetotdd.actions.RegisterExcel" tests="1" failures="0" timestamp="2020-01-20T15:28:08 BRT" time="14.144" errors="0">
  <testcase name="Execute" time="14.144" classname="br.com.rsinet.hub.projetotdd.actions.RegisterExcel"/>
</testsuite> <!-- br.com.rsinet.hub.projetotdd.actions.RegisterExcel -->
