<?xml version="1.0" encoding="UTF-8"?>
<!-- Generated by org.testng.reporters.JUnitReportReporter -->
<testsuite skipped="0" hostname="RSI1525" name="br.com.rsinet.hub.projetotdd.testes.SearchProductLupa" tests="1" failures="0" timestamp="2020-02-04T12:03:54 BRT" time="23.074" errors="0">
  <testcase name="Execute" time="23.074" classname="br.com.rsinet.hub.projetotdd.testes.SearchProductLupa"/>
</testsuite> <!-- br.com.rsinet.hub.projetotdd.testes.SearchProductLupa -->
