<?xml version="1.0" encoding="UTF-8"?>
<!-- Generated by org.testng.reporters.JUnitReportReporter -->
<testsuite skipped="0" hostname="RSI1525" name="br.com.rsinet.hub.projetotdd.testes.Register" tests="1" failures="0" timestamp="2020-02-04T11:34:38 BRT" time="25.984" errors="0">
  <testcase name="register" time="25.984" classname="br.com.rsinet.hub.projetotdd.testes.Register"/>
</testsuite> <!-- br.com.rsinet.hub.projetotdd.testes.Register -->
