<?xml version="1.0" encoding="UTF-8"?>
<!-- Generated by org.testng.reporters.JUnitReportReporter -->
<testsuite skipped="0" hostname="RSI1525" name="br.com.rsinet.hub.projetotdd.testes.SearchProductHome" tests="1" failures="0" timestamp="2020-01-21T14:09:46 BRT" time="19.701" errors="0">
  <testcase name="Execute" time="19.701" classname="br.com.rsinet.hub.projetotdd.testes.SearchProductHome"/>
</testsuite> <!-- br.com.rsinet.hub.projetotdd.testes.SearchProductHome -->
