<?xml version="1.0" encoding="UTF-8"?>
<!-- Generated by org.testng.reporters.JUnitReportReporter -->
<testsuite skipped="0" hostname="RSI1525" name="br.com.rsinet.hub.projetotdd.testes.Register" tests="1" failures="0" timestamp="2020-01-21T11:50:23 BRT" time="20.718" errors="0">
  <testcase name="register" time="20.718" classname="br.com.rsinet.hub.projetotdd.testes.Register"/>
</testsuite> <!-- br.com.rsinet.hub.projetotdd.testes.Register -->
