<?xml version="1.0" encoding="UTF-8"?>
<!-- Generated by org.testng.reporters.JUnitReportReporter -->
<testsuite skipped="0" hostname="RSI1525" name="br.com.rsinet.hub.projetotdd.testes.SearchProductHomeInvalid" tests="1" failures="0" timestamp="2020-01-21T16:05:21 BRT" time="12.369" errors="0">
  <testcase name="Execute" time="12.369" classname="br.com.rsinet.hub.projetotdd.testes.SearchProductHomeInvalid"/>
</testsuite> <!-- br.com.rsinet.hub.projetotdd.testes.SearchProductHomeInvalid -->
